[12/22/2022 17:45:53]  Attempted login for username 'a'.
[12/22/2022 17:46:03]  Attempted login for username 'Admin'.
[12/22/2022 17:46:18]  Attempted login for username 'Admin'.
[12/22/2022 17:46:18]  Successful login for username 'Admin'.
[12/22/2022 17:46:34]  Attempted register for username ''.
[12/22/2022 17:46:55]  Attempted register for username 'User3'.
[12/22/2022 17:46:55]  Successful register for username 'User3'.
[12/22/2022 18:12:04]  Attempted login for username 'User3'.
[12/22/2022 18:12:04]  Successful login for username 'User3'.
[12/22/2022 18:39:14]  Attempted login for username 'User2'.
[12/22/2022 18:39:14]  Successful login for username 'User2'.
[12/22/2022 18:40:33]  Attempted login for username 'User2'.
[12/22/2022 18:40:33]  Successful login for username 'User2'.
[12/22/2022 18:43:32]  Attempted login for username 'Admin'.
[12/22/2022 18:43:32]  Successful login for username 'Admin'.
[12/22/2022 18:45:00]  Attempted login for username 'Admin'.
[12/22/2022 18:45:00]  Successful login for username 'Admin'.
[12/22/2022 18:45:05]  'Admin' tried to change their password.
[12/22/2022 18:53:16]  Attempted login for username 'Admin'.
[12/22/2022 18:53:16]  Successful login for username 'Admin'.
[12/22/2022 18:59:44]  Attempted login for username 'Admin'.
[12/22/2022 18:59:45]  Successful login for username 'Admin'.
[12/22/2022 18:59:50]  'Admin' changed their password.
[12/22/2022 19:01:28]  Attempted login for username 'Admin'.
[12/22/2022 19:01:35]  Attempted login for username 'User1'.
[12/22/2022 19:01:35]  Successful login for username 'User1'.
[12/22/2022 19:01:43]  'Admin' changed their password.
[12/22/2022 19:02:10]  Attempted login for username 'Admin'.
[12/22/2022 19:02:10]  Successful login for username 'Admin'.
[12/22/2022 19:31:33]  Attempted login for username 'Admin'.
[12/22/2022 19:31:33]  Successful login for username 'Admin'.
[12/22/2022 19:34:25]  Attempted login for username 'Admin'.
[12/22/2022 19:34:25]  Successful login for username 'Admin'.
[12/22/2022 19:39:50]  Attempted login for username 'Admin'.
[12/22/2022 19:39:50]  Successful login for username 'Admin'.
[12/22/2022 19:42:03]  Attempted register for username 'a'.
[12/22/2022 19:42:05]  Attempted login for username 'ddd'.
[12/22/2022 19:46:56]  Attempted login for username 'a'.
[12/22/2022 19:46:57]  Attempted login for username ''.
[12/22/2022 19:46:58]  Attempted login for username ''.
[12/22/2022 19:46:58]  Attempted login for username ''.
[12/22/2022 19:46:58]  Attempted login for username ''.
[12/22/2022 19:54:28]  Attempted login for username ''.
[12/22/2022 19:54:29]  Attempted login for username ''.
[12/22/2022 19:54:29]  Attempted login for username ''.
[12/22/2022 19:54:29]  Attempted login for username ''.
[12/22/2022 19:54:29]  Attempted login for username ''.
[12/22/2022 19:55:40]  Attempted login for username 'ada'.
[12/22/2022 19:55:46]  Attempted login for username 'ada'.
[12/22/2022 19:56:03]  Attempted login for username 'Admin'.
[12/22/2022 19:56:03]  Successful login for username 'Admin'.
[12/22/2022 19:57:03]  Attempted login for username ''.
[12/22/2022 19:57:04]  Attempted login for username ''.
[12/22/2022 19:57:04]  Attempted login for username ''.
[12/22/2022 19:57:04]  Attempted login for username ''.
[12/22/2022 19:57:04]  Attempted login for username ''.
[12/22/2022 19:57:34]  Attempted login for username 'Admin '.
[12/22/2022 19:57:39]  Attempted login for username 'Admin'.
[12/22/2022 19:57:39]  Successful login for username 'Admin'.
[12/22/2022 19:57:49]  'Admin' changed their password.
[12/22/2022 20:03:21]  Attempted login for username ''.
[12/22/2022 20:03:21]  Attempted login for username ''.
[12/22/2022 20:03:21]  Attempted login for username ''.
[12/22/2022 20:03:22]  Attempted login for username ''.
[12/22/2022 20:03:22]  Attempted login for username ''.
[12/22/2022 20:04:17]  Attempted login for username ''.
[12/22/2022 20:04:17]  Attempted login for username ''.
[12/22/2022 20:04:17]  Attempted login for username ''.
[12/22/2022 20:04:17]  Attempted login for username ''.
[12/22/2022 20:04:17]  Attempted login for username ''.
[12/22/2022 20:04:52]  Attempted login for username ''.
[12/22/2022 20:04:52]  Attempted login for username ''.
[12/22/2022 20:04:54]  Attempted login for username ''.
[12/22/2022 20:04:54]  Attempted login for username ''.
[12/22/2022 20:04:54]  Attempted login for username ''.
[12/22/2022 20:06:03]  Attempted login for username ''.
[12/22/2022 20:06:03]  Attempted login for username ''.
[12/22/2022 20:06:03]  Attempted login for username ''.
[12/22/2022 20:06:03]  Attempted login for username ''.
[12/22/2022 20:06:03]  Attempted login for username ''.
[12/22/2022 20:06:34]  Attempted login for username ''.
[12/22/2022 20:11:06]  Attempted login for username 'Admin'.
[12/22/2022 20:11:06]  Successful login for username 'Admin'.
[12/22/2022 20:11:43]  Attempted login for username 'User1'.
[12/22/2022 20:11:47]  Attempted login for username ''.
[12/22/2022 20:12:05]  Attempted login for username 'User1'.
[12/22/2022 20:12:13]  Attempted login for username 'User2'.
[12/22/2022 20:13:20]  Attempted login for username ''.
[12/22/2022 20:13:53]  Attempted login for username 'aad'.
[12/22/2022 20:14:15]  Attempted login for username 'User2'.
[12/22/2022 20:14:23]  Attempted login for username 'User2'.
[12/22/2022 20:14:24]  Attempted login for username ''.
[12/22/2022 20:14:25]  Attempted login for username 'User2'.
[12/22/2022 20:14:44]  Attempted login for username 'User2'.
[12/22/2022 20:14:50]  Attempted login for username 'User2'.
[12/22/2022 20:14:54]  Attempted login for username 'User2'.
[12/22/2022 20:14:57]  Attempted login for username 'User2'.
[12/22/2022 20:15:01]  Attempted login for username 'User2'.
[12/22/2022 20:17:29]  Attempted login for username 'User2'.
[12/22/2022 20:17:31]  Attempted login for username 'User2'.
[12/22/2022 20:17:32]  Attempted login for username 'User2'.
[12/22/2022 20:17:33]  Attempted login for username 'User2'.
[12/22/2022 20:17:34]  Attempted login for username 'User2'.
[12/22/2022 20:18:43]  Attempted login for username 'User2'.
[12/22/2022 20:18:45]  Attempted login for username 'User2'.
[12/22/2022 20:18:46]  Attempted login for username 'User2'.
[12/22/2022 20:18:46]  Attempted login for username 'User2'.
[12/22/2022 20:18:47]  Attempted login for username 'User2'.
[12/22/2022 20:19:05]  Attempted login for username 'Admin'.
[12/22/2022 20:19:05]  Successful login for username 'Admin'.
[12/22/2022 20:19:44]  Attempted login for username 'User2'.
[12/22/2022 20:19:53]  Attempted login for username 'Admin'.
[12/22/2022 20:19:53]  Successful login for username 'Admin'.
[12/22/2022 20:19:56]  'User1' changed their password.
[12/22/2022 20:20:09]  Attempted login for username 'User1'.
[12/22/2022 20:20:10]  Successful login for username 'User1'.
[12/22/2022 20:20:14]  Attempted login for username 'User2'.
[12/22/2022 20:20:19]  Attempted login for username 'Admin'.
[12/22/2022 20:20:19]  Successful login for username 'Admin'.
[12/22/2022 20:20:23]  'User2' changed their password.
[12/22/2022 20:20:36]  Attempted login for username 'User2'.
[12/22/2022 20:20:36]  Successful login for username 'User2'.
[12/22/2022 21:00:35]  Attempted login for username 'Admin'.
[12/22/2022 21:00:35]  Successful login for username 'Admin'.
[12/22/2022 21:04:02]  Attempted login for username 'User3'.
[12/22/2022 21:04:02]  Successful login for username 'User3'.
[12/22/2022 21:05:35]  Attempted login for username 'Admin'.
[12/22/2022 21:05:35]  Successful login for username 'Admin'.
